d:\works\0921\highlowgame\x64\debug\vc143.pdb
d:\works\0921\highlowgame\x64\debug\vc143.idb
d:\works\0921\highlowgame\x64\debug\highlowgame.obj
d:\works\0921\highlowgame\x64\debug\card.obj
d:\works\0921\highlowgame\x64\debug\highlowgame.pdb
d:\works\0921\highlowgame\x64\debug\highlowgame.tlog\cl.command.1.tlog
d:\works\0921\highlowgame\x64\debug\highlowgame.tlog\cl.items.tlog
d:\works\0921\highlowgame\x64\debug\highlowgame.tlog\cl.read.1.tlog
d:\works\0921\highlowgame\x64\debug\highlowgame.tlog\cl.write.1.tlog
d:\works\0921\highlowgame\x64\debug\highlowgame.tlog\link-cvtres.read.1.tlog
d:\works\0921\highlowgame\x64\debug\highlowgame.tlog\link-cvtres.write.1.tlog
d:\works\0921\highlowgame\x64\debug\highlowgame.tlog\link-rc.read.1.tlog
d:\works\0921\highlowgame\x64\debug\highlowgame.tlog\link-rc.write.1.tlog
d:\works\0921\highlowgame\x64\debug\highlowgame.tlog\link.19868-cvtres.read.1.tlog
d:\works\0921\highlowgame\x64\debug\highlowgame.tlog\link.19868-cvtres.write.1.tlog
d:\works\0921\highlowgame\x64\debug\highlowgame.tlog\link.19868-rc.read.1.tlog
d:\works\0921\highlowgame\x64\debug\highlowgame.tlog\link.19868-rc.write.1.tlog
d:\works\0921\highlowgame\x64\debug\highlowgame.tlog\link.19868.read.1.tlog
d:\works\0921\highlowgame\x64\debug\highlowgame.tlog\link.19868.read.2.tlog
d:\works\0921\highlowgame\x64\debug\highlowgame.tlog\link.19868.write.1.tlog
d:\works\0921\highlowgame\x64\debug\highlowgame.tlog\link.command.1.tlog
d:\works\0921\highlowgame\x64\debug\highlowgame.tlog\link.read.1.tlog
d:\works\0921\highlowgame\x64\debug\highlowgame.tlog\link.read.2.tlog
d:\works\0921\highlowgame\x64\debug\highlowgame.tlog\link.write.1.tlog
